<?xml version="1.0" encoding="UTF-8"?>
<!-- Generated by org.testng.reporters.JUnitReportReporter -->
<testsuite skipped="0" hostname="AVE-LAP-224" name="tests.Results_test" tests="100" failures="0" timestamp="2020-08-09T18:09:33 EET" time="430.184" errors="0">
  <testcase name="check_results" time="3.563" classname="tests.Results_test"/>
  <system-out/>
  <testcase name="check_results" time="3.975" classname="tests.Results_test"/>
  <system-out/>
  <testcase name="check_results" time="6.465" classname="tests.Results_test"/>
  <system-out/>
  <testcase name="check_results" time="4.140" classname="tests.Results_test"/>
  <system-out/>
  <testcase name="check_results" time="4.418" classname="tests.Results_test"/>
  <system-out/>
  <testcase name="check_results" time="3.424" classname="tests.Results_test"/>
  <system-out/>
  <testcase name="check_results" time="4.133" classname="tests.Results_test"/>
  <system-out/>
  <testcase name="check_results" time="4.245" classname="tests.Results_test"/>
  <system-out/>
  <testcase name="check_results" time="3.968" classname="tests.Results_test"/>
  <system-out/>
  <testcase name="check_results" time="4.130" classname="tests.Results_test"/>
  <system-out/>
  <testcase name="check_results" time="4.380" classname="tests.Results_test"/>
  <system-out/>
  <testcase name="check_results" time="4.369" classname="tests.Results_test"/>
  <system-out/>
  <testcase name="check_results" time="3.909" classname="tests.Results_test"/>
  <system-out/>
  <testcase name="check_results" time="3.811" classname="tests.Results_test"/>
  <system-out/>
  <testcase name="check_results" time="4.046" classname="tests.Results_test"/>
  <system-out/>
  <testcase name="check_results" time="4.364" classname="tests.Results_test"/>
  <system-out/>
  <testcase name="check_results" time="2.776" classname="tests.Results_test"/>
  <system-out/>
  <testcase name="check_results" time="4.098" classname="tests.Results_test"/>
  <system-out/>
  <testcase name="check_results" time="4.814" classname="tests.Results_test"/>
  <system-out/>
  <testcase name="check_results" time="4.519" classname="tests.Results_test"/>
  <system-out/>
  <testcase name="check_results" time="5.893" classname="tests.Results_test"/>
  <system-out/>
  <testcase name="check_results" time="4.959" classname="tests.Results_test"/>
  <system-out/>
  <testcase name="check_results" time="4.483" classname="tests.Results_test"/>
  <system-out/>
  <testcase name="check_results" time="4.142" classname="tests.Results_test"/>
  <system-out/>
  <testcase name="check_results" time="4.252" classname="tests.Results_test"/>
  <system-out/>
  <testcase name="check_results" time="4.247" classname="tests.Results_test"/>
  <system-out/>
  <testcase name="check_results" time="4.466" classname="tests.Results_test"/>
  <system-out/>
  <testcase name="check_results" time="6.131" classname="tests.Results_test"/>
  <system-out/>
  <testcase name="check_results" time="4.445" classname="tests.Results_test"/>
  <system-out/>
  <testcase name="check_results" time="4.022" classname="tests.Results_test"/>
  <system-out/>
  <testcase name="check_results" time="4.523" classname="tests.Results_test"/>
  <system-out/>
  <testcase name="check_results" time="4.382" classname="tests.Results_test"/>
  <system-out/>
  <testcase name="check_results" time="4.498" classname="tests.Results_test"/>
  <system-out/>
  <testcase name="check_results" time="4.012" classname="tests.Results_test"/>
  <system-out/>
  <testcase name="check_results" time="4.460" classname="tests.Results_test"/>
  <system-out/>
  <testcase name="check_results" time="3.832" classname="tests.Results_test"/>
  <system-out/>
  <testcase name="check_results" time="4.353" classname="tests.Results_test"/>
  <system-out/>
  <testcase name="check_results" time="4.484" classname="tests.Results_test"/>
  <system-out/>
  <testcase name="check_results" time="2.713" classname="tests.Results_test"/>
  <system-out/>
  <testcase name="check_results" time="4.533" classname="tests.Results_test"/>
  <system-out/>
  <testcase name="check_results" time="3.894" classname="tests.Results_test"/>
  <system-out/>
  <testcase name="check_results" time="4.190" classname="tests.Results_test"/>
  <system-out/>
  <testcase name="check_results" time="4.454" classname="tests.Results_test"/>
  <system-out/>
  <testcase name="check_results" time="4.449" classname="tests.Results_test"/>
  <system-out/>
  <testcase name="check_results" time="3.792" classname="tests.Results_test"/>
  <system-out/>
  <testcase name="check_results" time="4.947" classname="tests.Results_test"/>
  <system-out/>
  <testcase name="check_results" time="3.177" classname="tests.Results_test"/>
  <system-out/>
  <testcase name="check_results" time="4.389" classname="tests.Results_test"/>
  <system-out/>
  <testcase name="check_results" time="4.593" classname="tests.Results_test"/>
  <system-out/>
  <testcase name="check_results" time="8.388" classname="tests.Results_test"/>
  <system-out/>
  <testcase name="check_results" time="4.257" classname="tests.Results_test"/>
  <system-out/>
  <testcase name="check_results" time="3.522" classname="tests.Results_test"/>
  <system-out/>
  <testcase name="check_results" time="4.054" classname="tests.Results_test"/>
  <system-out/>
  <testcase name="check_results" time="4.512" classname="tests.Results_test"/>
  <system-out/>
  <testcase name="check_results" time="4.418" classname="tests.Results_test"/>
  <system-out/>
  <testcase name="check_results" time="4.474" classname="tests.Results_test"/>
  <system-out/>
  <testcase name="check_results" time="4.300" classname="tests.Results_test"/>
  <system-out/>
  <testcase name="check_results" time="2.046" classname="tests.Results_test"/>
  <system-out/>
  <testcase name="check_results" time="4.672" classname="tests.Results_test"/>
  <system-out/>
  <testcase name="check_results" time="4.297" classname="tests.Results_test"/>
  <system-out/>
  <testcase name="check_results" time="3.537" classname="tests.Results_test"/>
  <system-out/>
  <testcase name="check_results" time="6.048" classname="tests.Results_test"/>
  <system-out/>
  <testcase name="check_results" time="4.167" classname="tests.Results_test"/>
  <system-out/>
  <testcase name="check_results" time="4.066" classname="tests.Results_test"/>
  <system-out/>
  <testcase name="check_results" time="7.259" classname="tests.Results_test"/>
  <system-out/>
  <testcase name="check_results" time="3.801" classname="tests.Results_test"/>
  <system-out/>
  <testcase name="check_results" time="5.691" classname="tests.Results_test"/>
  <system-out/>
  <testcase name="check_results" time="3.606" classname="tests.Results_test"/>
  <system-out/>
  <testcase name="check_results" time="4.287" classname="tests.Results_test"/>
  <system-out/>
  <testcase name="check_results" time="4.394" classname="tests.Results_test"/>
  <system-out/>
  <testcase name="check_results" time="4.410" classname="tests.Results_test"/>
  <system-out/>
  <testcase name="check_results" time="4.812" classname="tests.Results_test"/>
  <system-out/>
  <testcase name="check_results" time="4.168" classname="tests.Results_test"/>
  <system-out/>
  <testcase name="check_results" time="3.386" classname="tests.Results_test"/>
  <system-out/>
  <testcase name="check_results" time="3.511" classname="tests.Results_test"/>
  <system-out/>
  <testcase name="check_results" time="3.288" classname="tests.Results_test"/>
  <system-out/>
  <testcase name="check_results" time="4.287" classname="tests.Results_test"/>
  <system-out/>
  <testcase name="check_results" time="3.538" classname="tests.Results_test"/>
  <system-out/>
  <testcase name="check_results" time="3.974" classname="tests.Results_test"/>
  <system-out/>
  <testcase name="check_results" time="4.472" classname="tests.Results_test"/>
  <system-out/>
  <testcase name="check_results" time="3.961" classname="tests.Results_test"/>
  <system-out/>
  <testcase name="check_results" time="4.780" classname="tests.Results_test"/>
  <system-out/>
  <testcase name="check_results" time="4.156" classname="tests.Results_test"/>
  <system-out/>
  <testcase name="check_results" time="3.888" classname="tests.Results_test"/>
  <system-out/>
  <testcase name="check_results" time="5.052" classname="tests.Results_test"/>
  <system-out/>
  <testcase name="check_results" time="3.081" classname="tests.Results_test"/>
  <system-out/>
  <testcase name="check_results" time="4.241" classname="tests.Results_test"/>
  <system-out/>
  <testcase name="check_results" time="5.007" classname="tests.Results_test"/>
  <system-out/>
  <testcase name="check_results" time="4.154" classname="tests.Results_test"/>
  <system-out/>
  <testcase name="check_results" time="3.391" classname="tests.Results_test"/>
  <system-out/>
  <testcase name="check_results" time="4.219" classname="tests.Results_test"/>
  <system-out/>
  <testcase name="check_results" time="4.191" classname="tests.Results_test"/>
  <system-out/>
  <testcase name="check_results" time="3.615" classname="tests.Results_test"/>
  <system-out/>
  <testcase name="check_results" time="4.937" classname="tests.Results_test"/>
  <system-out/>
  <testcase name="check_results" time="4.322" classname="tests.Results_test"/>
  <system-out/>
  <testcase name="check_results" time="3.804" classname="tests.Results_test"/>
  <system-out/>
  <testcase name="check_results" time="4.316" classname="tests.Results_test"/>
  <system-out/>
  <testcase name="check_results" time="4.571" classname="tests.Results_test"/>
  <system-out/>
  <testcase name="check_results" time="4.404" classname="tests.Results_test"/>
  <system-out/>
  <testcase name="check_results" time="4.190" classname="tests.Results_test"/>
  <system-out/>
</testsuite> <!-- tests.Results_test -->
